{"level":"debug","time":"2023-11-03T13:58:10.903Z","caller":"ulimit/ulimit.go:35","msg":"File descriptor limit 1048576"}
{"level":"info","time":"2023-11-03T13:58:10.959Z","caller":"cmd/lt.go:183","msg":"LambdaTest Tunnel version: 3.1.31"}
{"level":"debug","time":"2023-11-03T13:58:10.959Z","caller":"core/lifecycle.go:41","msg":"Starting pipeline....."}
{"level":"debug","time":"2023-11-03T13:58:10.959Z","caller":"core/lifecycle.go:42","msg":"OS: linux, Arch: amd64"}
{"level":"debug","time":"2023-11-03T13:58:10.959Z","caller":"core/lifecycle.go:43","msg":"Fetching config"}
{"level":"debug","time":"2023-11-03T13:58:10.959Z","caller":"core/lifecycle.go:65","msg":"Starting tunnel With flags: --user abidk --key ***** --logFile tunnel.log --controller npm --infoAPIPort 34895 --tunnelName lambdatests-webdriverio-qs8sdfxe9v634895 --port 38681"}
{"level":"debug","time":"2023-11-03T13:58:11.405Z","caller":"core/lifecycle.go:83","msg":"Remote config fetched"}
{"level":"debug","time":"2023-11-03T13:58:11.534Z","caller":"apiserver/setup.go:154","msg":"Starting API server"}
{"level":"debug","time":"2023-11-03T13:58:11.534Z","caller":"networkscanner/setup.go:63","msg":"Trying on port 22"}
{"level":"debug","time":"2023-11-03T13:58:11.534Z","caller":"custom/setup.go:752","msg":"Starting sink proxy"}
{"level":"debug","time":"2023-11-03T13:58:11.535Z","caller":"networkscanner/setup.go:131","msg":"Trying over ssh over ws"}
{"level":"debug","time":"2023-11-03T13:58:11.535Z","caller":"networkscanner/setup.go:97","msg":"Trying on port 443"}
{"level":"debug","time":"2023-11-03T13:58:11.535Z","caller":"apiserver/setup.go:136","msg":"Starting API server for tunnel info on port: 34895"}
{"level":"info","time":"2023-11-03T13:58:11.535Z","caller":"custom/setup.go:699","msg":"Tunnel binary started on port :38681"}
{"level":"debug","time":"2023-11-03T13:58:11.906Z","caller":"networkscanner/setup.go:148","msg":"WSS connection was successful"}
{"level":"debug","time":"2023-11-03T13:58:12.543Z","caller":"networkscanner/setup.go:173","msg":"SSH connection over ws successful"}
{"level":"debug","time":"2023-11-03T13:58:12.715Z","caller":"networkscanner/setup.go:118","msg":"SSH connection over port 443 successful"}
{"level":"debug","time":"2023-11-03T13:58:12.716Z","caller":"networkscanner/setup.go:84","msg":"SSH connection over port 22 successful"}
{"level":"info","time":"2023-11-03T13:58:12.717Z","caller":"core/lifecycle.go:120","msg":"Using ssh(over_22) :: connection mode"}
{"level":"info","time":"2023-11-03T13:58:12.717Z","caller":"core/lifecycle.go:250","msg":"Launching tunnel"}
{"level":"debug","time":"2023-11-03T13:58:12.717Z","caller":"ws/control.go:34","msg":"Starting control ws connection at wss://ts.lambdatest.com/monitor"}
{"level":"debug","time":"2023-11-03T13:58:13.227Z","caller":"ws/control.go:72","msg":"Control ws channel opened"}
{"level":"debug","time":"2023-11-03T13:58:13.227Z","caller":"ws/control.go:131","msg":"Starting message listener on control connection"}
{"level":"debug","time":"2023-11-03T13:58:13.879Z","caller":"core/lifecycle.go:322","msg":"Sending tunnel registered message to channels"}
{"level":"debug","time":"2023-11-03T13:58:13.879Z","caller":"ssh/setup.go:71","msg":"Using 5 ssh connection"}
{"level":"debug","time":"2023-11-03T13:58:13.879Z","caller":"ws/control.go:196","msg":"Tunnel registered message received on control channel"}
{"level":"debug","time":"2023-11-03T13:58:13.879Z","caller":"ws/control.go:200","msg":"controller bus registered"}
{"level":"debug","time":"2023-11-03T13:58:15.077Z","caller":"ssh/ssh.go:216","msg":"Successfully started sshd listener on port: 13459"}
{"level":"debug","time":"2023-11-03T13:58:15.079Z","caller":"ssh/ssh.go:216","msg":"Successfully started sshd listener on port: 8414"}
{"level":"info","time":"2023-11-03T13:58:15.079Z","caller":"core/lifecycle.go:336","msg":"You can start testing now"}
{"level":"info","time":"2023-11-03T13:58:15.079Z","caller":"core/lifecycle.go:337","msg":"Tunnel ID: 5149667"}
{"level":"debug","time":"2023-11-03T13:58:15.079Z","caller":"core/lifecycle.go:338","msg":"Remote Listener Started on Port 11406"}
{"level":"debug","time":"2023-11-03T13:58:15.092Z","caller":"ssh/ssh.go:216","msg":"Successfully started sshd listener on port: 31622"}
{"level":"debug","time":"2023-11-03T13:58:15.122Z","caller":"ssh/ssh.go:216","msg":"Successfully started sshd listener on port: 23141"}
{"level":"debug","time":"2023-11-03T13:58:15.150Z","caller":"ssh/ssh.go:216","msg":"Successfully started sshd listener on port: 26014"}
{"level":"debug","time":"2023-11-03T13:58:19.387Z","caller":"custom/setup.go:511","msg":"handling connect request for URL https://accounts.google.com:443"}
{"level":"debug","time":"2023-11-03T13:58:22.187Z","caller":"custom/setup.go:511","msg":"handling connect request for URL https://www.google.co.in:443"}
{"level":"debug","time":"2023-11-03T13:58:22.194Z","caller":"custom/setup.go:511","msg":"handling connect request for URL https://www.google.co.in:443"}
{"level":"debug","time":"2023-11-03T13:58:22.576Z","caller":"custom/setup.go:511","msg":"handling connect request for URL https://www.gstatic.com:443"}
{"level":"debug","time":"2023-11-03T13:58:22.578Z","caller":"custom/setup.go:511","msg":"handling connect request for URL https://www.gstatic.com:443"}
{"level":"debug","time":"2023-11-03T13:58:22.715Z","caller":"custom/setup.go:511","msg":"handling connect request for URL https://content-autofill.googleapis.com:443"}
{"level":"debug","time":"2023-11-03T13:58:22.866Z","caller":"custom/setup.go:511","msg":"handling connect request for URL https://ogs.google.co.in:443"}
{"level":"debug","time":"2023-11-03T13:58:22.873Z","caller":"custom/setup.go:511","msg":"handling connect request for URL https://apis.google.com:443"}
{"level":"debug","time":"2023-11-03T13:58:23.172Z","caller":"custom/setup.go:511","msg":"handling connect request for URL https://www.google.com:443"}
{"level":"debug","time":"2023-11-03T13:58:23.172Z","caller":"custom/setup.go:511","msg":"handling connect request for URL https://ssl.gstatic.com:443"}
{"level":"debug","time":"2023-11-03T13:58:23.172Z","caller":"custom/setup.go:511","msg":"handling connect request for URL https://fonts.gstatic.com:443"}
{"level":"debug","time":"2023-11-03T13:58:23.172Z","caller":"custom/setup.go:511","msg":"handling connect request for URL https://fonts.gstatic.com:443"}
{"level":"debug","time":"2023-11-03T13:58:23.357Z","caller":"custom/setup.go:511","msg":"handling connect request for URL https://www.google.co.in:443"}
{"level":"debug","time":"2023-11-03T13:58:23.408Z","caller":"custom/setup.go:511","msg":"handling connect request for URL https://adservice.google.co.in:443"}
{"level":"debug","time":"2023-11-03T13:58:23.846Z","caller":"custom/setup.go:511","msg":"handling connect request for URL https://play.google.com:443"}
{"level":"debug","time":"2023-11-03T13:58:29.568Z","caller":"core/lifecycle.go:379","msg":"Context cancelled"}
{"level":"debug","time":"2023-11-03T13:58:29.568Z","caller":"custom/setup.go:740","msg":"Exiting the sink proxy"}
{"level":"debug","time":"2023-11-03T13:58:29.568Z","caller":"apiserver/setup.go:132","msg":"Shutting down the server"}
{"level":"info","time":"2023-11-03T13:58:29.568Z","caller":"core/lifecycle.go:381","msg":"Stopping tunnel"}
{"level":"debug","time":"2023-11-03T13:58:29.570Z","caller":"ws/control.go:140","msg":"Unusual close error on control channel..."}
{"level":"debug","time":"2023-11-03T13:58:29.570Z","caller":"ws/control.go:193","msg":"Write loop ended for control channel"}
{"level":"debug","time":"2023-11-03T14:00:31.526Z","caller":"ulimit/ulimit.go:35","msg":"File descriptor limit 1048576"}
{"level":"info","time":"2023-11-03T14:00:31.651Z","caller":"cmd/lt.go:183","msg":"LambdaTest Tunnel version: 3.1.31"}
{"level":"debug","time":"2023-11-03T14:00:31.651Z","caller":"core/lifecycle.go:41","msg":"Starting pipeline....."}
{"level":"debug","time":"2023-11-03T14:00:31.651Z","caller":"core/lifecycle.go:42","msg":"OS: linux, Arch: amd64"}
{"level":"debug","time":"2023-11-03T14:00:31.651Z","caller":"core/lifecycle.go:43","msg":"Fetching config"}
{"level":"debug","time":"2023-11-03T14:00:31.652Z","caller":"core/lifecycle.go:65","msg":"Starting tunnel With flags: --user abidk --key ***** --logFile tunnel.log --controller npm --infoAPIPort 35843 --tunnelName lambdatests-webdriverio-qs8sdfxe9v635843 --port 45471"}
{"level":"debug","time":"2023-11-03T14:00:32.092Z","caller":"core/lifecycle.go:83","msg":"Remote config fetched"}
{"level":"debug","time":"2023-11-03T14:00:32.173Z","caller":"apiserver/setup.go:154","msg":"Starting API server"}
{"level":"debug","time":"2023-11-03T14:00:32.173Z","caller":"networkscanner/setup.go:131","msg":"Trying over ssh over ws"}
{"level":"debug","time":"2023-11-03T14:00:32.173Z","caller":"networkscanner/setup.go:63","msg":"Trying on port 22"}
{"level":"debug","time":"2023-11-03T14:00:32.173Z","caller":"apiserver/setup.go:136","msg":"Starting API server for tunnel info on port: 35843"}
{"level":"debug","time":"2023-11-03T14:00:32.173Z","caller":"custom/setup.go:752","msg":"Starting sink proxy"}
{"level":"debug","time":"2023-11-03T14:00:32.173Z","caller":"networkscanner/setup.go:97","msg":"Trying on port 443"}
{"level":"info","time":"2023-11-03T14:00:32.174Z","caller":"custom/setup.go:699","msg":"Tunnel binary started on port :45471"}
{"level":"debug","time":"2023-11-03T14:00:32.410Z","caller":"networkscanner/setup.go:148","msg":"WSS connection was successful"}
{"level":"debug","time":"2023-11-03T14:00:33.082Z","caller":"networkscanner/setup.go:84","msg":"SSH connection over port 22 successful"}
{"level":"debug","time":"2023-11-03T14:00:33.156Z","caller":"networkscanner/setup.go:118","msg":"SSH connection over port 443 successful"}
{"level":"debug","time":"2023-11-03T14:00:33.199Z","caller":"networkscanner/setup.go:173","msg":"SSH connection over ws successful"}
{"level":"info","time":"2023-11-03T14:00:33.200Z","caller":"core/lifecycle.go:120","msg":"Using ssh(over_22) :: connection mode"}
{"level":"info","time":"2023-11-03T14:00:33.200Z","caller":"core/lifecycle.go:250","msg":"Launching tunnel"}
{"level":"debug","time":"2023-11-03T14:00:33.200Z","caller":"ws/control.go:34","msg":"Starting control ws connection at wss://ts.lambdatest.com/monitor"}
{"level":"debug","time":"2023-11-03T14:00:33.580Z","caller":"ws/control.go:72","msg":"Control ws channel opened"}
{"level":"debug","time":"2023-11-03T14:00:33.580Z","caller":"ws/control.go:131","msg":"Starting message listener on control connection"}
{"level":"debug","time":"2023-11-03T14:00:34.265Z","caller":"core/lifecycle.go:322","msg":"Sending tunnel registered message to channels"}
{"level":"debug","time":"2023-11-03T14:00:34.265Z","caller":"ssh/setup.go:71","msg":"Using 5 ssh connection"}
{"level":"debug","time":"2023-11-03T14:00:34.265Z","caller":"ws/control.go:196","msg":"Tunnel registered message received on control channel"}
{"level":"debug","time":"2023-11-03T14:00:34.265Z","caller":"ws/control.go:200","msg":"controller bus registered"}
{"level":"debug","time":"2023-11-03T14:00:35.441Z","caller":"ssh/ssh.go:216","msg":"Successfully started sshd listener on port: 28386"}
{"level":"debug","time":"2023-11-03T14:00:35.465Z","caller":"ssh/ssh.go:216","msg":"Successfully started sshd listener on port: 14360"}
{"level":"info","time":"2023-11-03T14:00:35.465Z","caller":"core/lifecycle.go:336","msg":"You can start testing now"}
{"level":"info","time":"2023-11-03T14:00:35.465Z","caller":"core/lifecycle.go:337","msg":"Tunnel ID: 5149680"}
{"level":"debug","time":"2023-11-03T14:00:35.465Z","caller":"core/lifecycle.go:338","msg":"Remote Listener Started on Port 8384"}
{"level":"debug","time":"2023-11-03T14:00:35.469Z","caller":"ssh/ssh.go:216","msg":"Successfully started sshd listener on port: 21356"}
{"level":"debug","time":"2023-11-03T14:00:35.519Z","caller":"ssh/ssh.go:216","msg":"Successfully started sshd listener on port: 31115"}
{"level":"debug","time":"2023-11-03T14:00:35.523Z","caller":"ssh/ssh.go:216","msg":"Successfully started sshd listener on port: 27392"}
{"level":"debug","time":"2023-11-03T14:00:40.827Z","caller":"custom/setup.go:511","msg":"handling connect request for URL https://accounts.google.com:443"}
{"level":"debug","time":"2023-11-03T14:00:43.475Z","caller":"custom/setup.go:511","msg":"handling connect request for URL https://www.google.co.in:443"}
{"level":"debug","time":"2023-11-03T14:00:43.493Z","caller":"custom/setup.go:511","msg":"handling connect request for URL https://www.google.co.in:443"}
{"level":"debug","time":"2023-11-03T14:00:43.950Z","caller":"custom/setup.go:511","msg":"handling connect request for URL https://www.gstatic.com:443"}
{"level":"debug","time":"2023-11-03T14:00:43.951Z","caller":"custom/setup.go:511","msg":"handling connect request for URL https://www.gstatic.com:443"}
{"level":"debug","time":"2023-11-03T14:00:44.064Z","caller":"custom/setup.go:511","msg":"handling connect request for URL https://content-autofill.googleapis.com:443"}
{"level":"debug","time":"2023-11-03T14:00:44.284Z","caller":"custom/setup.go:511","msg":"handling connect request for URL https://ogs.google.co.in:443"}
{"level":"debug","time":"2023-11-03T14:00:44.289Z","caller":"custom/setup.go:511","msg":"handling connect request for URL https://apis.google.com:443"}
{"level":"debug","time":"2023-11-03T14:00:44.569Z","caller":"custom/setup.go:511","msg":"handling connect request for URL https://www.google.com:443"}
{"level":"debug","time":"2023-11-03T14:00:44.580Z","caller":"custom/setup.go:511","msg":"handling connect request for URL https://fonts.gstatic.com:443"}
{"level":"debug","time":"2023-11-03T14:00:44.582Z","caller":"custom/setup.go:511","msg":"handling connect request for URL https://fonts.gstatic.com:443"}
{"level":"debug","time":"2023-11-03T14:00:44.583Z","caller":"custom/setup.go:511","msg":"handling connect request for URL https://ssl.gstatic.com:443"}
{"level":"debug","time":"2023-11-03T14:00:44.805Z","caller":"custom/setup.go:511","msg":"handling connect request for URL https://www.google.co.in:443"}
{"level":"debug","time":"2023-11-03T14:00:44.843Z","caller":"custom/setup.go:511","msg":"handling connect request for URL https://adservice.google.co.in:443"}
{"level":"debug","time":"2023-11-03T14:00:45.253Z","caller":"custom/setup.go:511","msg":"handling connect request for URL https://play.google.com:443"}
{"level":"debug","time":"2023-11-03T14:00:45.901Z","caller":"custom/setup.go:511","msg":"handling connect request for URL https://lh5.googleusercontent.com:443"}
{"level":"debug","time":"2023-11-03T14:00:45.904Z","caller":"custom/setup.go:511","msg":"handling connect request for URL https://encrypted-tbn0.gstatic.com:443"}
{"level":"debug","time":"2023-11-03T14:00:45.915Z","caller":"custom/setup.go:511","msg":"handling connect request for URL https://lh5.googleusercontent.com:443"}
{"level":"debug","time":"2023-11-03T14:00:57.893Z","caller":"custom/setup.go:511","msg":"handling connect request for URL https://optimizationguide-pa.googleapis.com:443"}
{"level":"debug","time":"2023-11-03T14:00:58.114Z","caller":"custom/setup.go:511","msg":"handling connect request for URL https://optimizationguide-pa.googleapis.com:443"}
{"level":"debug","time":"2023-11-03T14:01:01.597Z","caller":"core/lifecycle.go:379","msg":"Context cancelled"}
{"level":"info","time":"2023-11-03T14:01:01.597Z","caller":"core/lifecycle.go:381","msg":"Stopping tunnel"}
{"level":"debug","time":"2023-11-03T14:01:01.597Z","caller":"custom/setup.go:740","msg":"Exiting the sink proxy"}
{"level":"debug","time":"2023-11-03T14:01:01.597Z","caller":"apiserver/setup.go:132","msg":"Shutting down the server"}
{"level":"debug","time":"2023-11-03T14:01:01.598Z","caller":"ws/control.go:140","msg":"Unusual close error on control channel..."}
{"level":"debug","time":"2023-11-03T14:01:01.598Z","caller":"ws/control.go:193","msg":"Write loop ended for control channel"}
{"level":"debug","time":"2023-11-03T14:05:49.035Z","caller":"ulimit/ulimit.go:35","msg":"File descriptor limit 1048576"}
{"level":"info","time":"2023-11-03T14:05:49.070Z","caller":"cmd/lt.go:183","msg":"LambdaTest Tunnel version: 3.1.31"}
{"level":"debug","time":"2023-11-03T14:05:49.070Z","caller":"core/lifecycle.go:41","msg":"Starting pipeline....."}
{"level":"debug","time":"2023-11-03T14:05:49.070Z","caller":"core/lifecycle.go:42","msg":"OS: linux, Arch: amd64"}
{"level":"debug","time":"2023-11-03T14:05:49.070Z","caller":"core/lifecycle.go:43","msg":"Fetching config"}
{"level":"debug","time":"2023-11-03T14:05:49.071Z","caller":"core/lifecycle.go:65","msg":"Starting tunnel With flags: --user abidk --key ***** --logFile tunnel.log --controller npm --infoAPIPort 39377 --tunnelName lambdatests-webdriverio-qs8sdfxe9v639377 --port 36339"}
{"level":"debug","time":"2023-11-03T14:05:49.460Z","caller":"core/lifecycle.go:83","msg":"Remote config fetched"}
{"level":"debug","time":"2023-11-03T14:05:49.518Z","caller":"apiserver/setup.go:154","msg":"Starting API server"}
{"level":"debug","time":"2023-11-03T14:05:49.518Z","caller":"networkscanner/setup.go:97","msg":"Trying on port 443"}
{"level":"debug","time":"2023-11-03T14:05:49.518Z","caller":"custom/setup.go:752","msg":"Starting sink proxy"}
{"level":"debug","time":"2023-11-03T14:05:49.518Z","caller":"apiserver/setup.go:136","msg":"Starting API server for tunnel info on port: 39377"}
{"level":"debug","time":"2023-11-03T14:05:49.518Z","caller":"networkscanner/setup.go:131","msg":"Trying over ssh over ws"}
{"level":"debug","time":"2023-11-03T14:05:49.518Z","caller":"networkscanner/setup.go:63","msg":"Trying on port 22"}
{"level":"info","time":"2023-11-03T14:05:49.519Z","caller":"custom/setup.go:699","msg":"Tunnel binary started on port :36339"}
{"level":"debug","time":"2023-11-03T14:05:49.783Z","caller":"networkscanner/setup.go:148","msg":"WSS connection was successful"}
{"level":"debug","time":"2023-11-03T14:05:50.511Z","caller":"networkscanner/setup.go:118","msg":"SSH connection over port 443 successful"}
{"level":"debug","time":"2023-11-03T14:05:50.572Z","caller":"networkscanner/setup.go:84","msg":"SSH connection over port 22 successful"}
{"level":"debug","time":"2023-11-03T14:05:50.614Z","caller":"networkscanner/setup.go:173","msg":"SSH connection over ws successful"}
{"level":"info","time":"2023-11-03T14:05:50.614Z","caller":"core/lifecycle.go:120","msg":"Using ssh(over_22) :: connection mode"}
{"level":"info","time":"2023-11-03T14:05:50.614Z","caller":"core/lifecycle.go:250","msg":"Launching tunnel"}
{"level":"debug","time":"2023-11-03T14:05:50.614Z","caller":"ws/control.go:34","msg":"Starting control ws connection at wss://ts.lambdatest.com/monitor"}
{"level":"debug","time":"2023-11-03T14:05:50.975Z","caller":"ws/control.go:72","msg":"Control ws channel opened"}
{"level":"debug","time":"2023-11-03T14:05:50.975Z","caller":"ws/control.go:131","msg":"Starting message listener on control connection"}
{"level":"debug","time":"2023-11-03T14:05:51.469Z","caller":"core/lifecycle.go:322","msg":"Sending tunnel registered message to channels"}
{"level":"debug","time":"2023-11-03T14:05:51.470Z","caller":"ssh/setup.go:71","msg":"Using 5 ssh connection"}
{"level":"debug","time":"2023-11-03T14:05:51.470Z","caller":"ws/control.go:196","msg":"Tunnel registered message received on control channel"}
{"level":"debug","time":"2023-11-03T14:05:51.470Z","caller":"ws/control.go:200","msg":"controller bus registered"}
{"level":"debug","time":"2023-11-03T14:05:52.713Z","caller":"ssh/ssh.go:216","msg":"Successfully started sshd listener on port: 16734"}
{"level":"debug","time":"2023-11-03T14:05:52.733Z","caller":"ssh/ssh.go:216","msg":"Successfully started sshd listener on port: 28141"}
{"level":"info","time":"2023-11-03T14:05:52.733Z","caller":"core/lifecycle.go:336","msg":"You can start testing now"}
{"level":"info","time":"2023-11-03T14:05:52.733Z","caller":"core/lifecycle.go:337","msg":"Tunnel ID: 5149714"}
{"level":"debug","time":"2023-11-03T14:05:52.733Z","caller":"core/lifecycle.go:338","msg":"Remote Listener Started on Port 29591"}
{"level":"debug","time":"2023-11-03T14:05:52.742Z","caller":"ssh/ssh.go:216","msg":"Successfully started sshd listener on port: 22358"}
{"level":"debug","time":"2023-11-03T14:05:52.749Z","caller":"ssh/ssh.go:216","msg":"Successfully started sshd listener on port: 9215"}
{"level":"debug","time":"2023-11-03T14:05:52.810Z","caller":"ssh/ssh.go:216","msg":"Successfully started sshd listener on port: 17709"}
{"level":"debug","time":"2023-11-03T14:05:56.511Z","caller":"custom/setup.go:511","msg":"handling connect request for URL https://accounts.google.com:443"}
{"level":"debug","time":"2023-11-03T14:05:59.292Z","caller":"custom/setup.go:511","msg":"handling connect request for URL https://www.google.co.in:443"}
{"level":"debug","time":"2023-11-03T14:05:59.296Z","caller":"custom/setup.go:511","msg":"handling connect request for URL https://www.google.co.in:443"}
{"level":"debug","time":"2023-11-03T14:05:59.664Z","caller":"custom/setup.go:511","msg":"handling connect request for URL https://www.gstatic.com:443"}
{"level":"debug","time":"2023-11-03T14:05:59.667Z","caller":"custom/setup.go:511","msg":"handling connect request for URL https://www.gstatic.com:443"}
{"level":"debug","time":"2023-11-03T14:05:59.819Z","caller":"custom/setup.go:511","msg":"handling connect request for URL https://content-autofill.googleapis.com:443"}
{"level":"debug","time":"2023-11-03T14:05:59.990Z","caller":"custom/setup.go:511","msg":"handling connect request for URL https://ogs.google.co.in:443"}
{"level":"debug","time":"2023-11-03T14:06:00.015Z","caller":"custom/setup.go:511","msg":"handling connect request for URL https://apis.google.com:443"}
{"level":"debug","time":"2023-11-03T14:06:00.331Z","caller":"custom/setup.go:511","msg":"handling connect request for URL https://www.google.com:443"}
{"level":"debug","time":"2023-11-03T14:06:00.336Z","caller":"custom/setup.go:511","msg":"handling connect request for URL https://fonts.gstatic.com:443"}
{"level":"debug","time":"2023-11-03T14:06:00.356Z","caller":"custom/setup.go:511","msg":"handling connect request for URL https://fonts.gstatic.com:443"}
{"level":"debug","time":"2023-11-03T14:06:00.356Z","caller":"custom/setup.go:511","msg":"handling connect request for URL https://ssl.gstatic.com:443"}
{"level":"debug","time":"2023-11-03T14:06:00.580Z","caller":"custom/setup.go:511","msg":"handling connect request for URL https://www.google.co.in:443"}
{"level":"debug","time":"2023-11-03T14:06:00.616Z","caller":"custom/setup.go:511","msg":"handling connect request for URL https://adservice.google.co.in:443"}
{"level":"debug","time":"2023-11-03T14:06:00.972Z","caller":"custom/setup.go:511","msg":"handling connect request for URL https://play.google.com:443"}
{"level":"debug","time":"2023-11-03T14:06:06.472Z","caller":"core/lifecycle.go:379","msg":"Context cancelled"}
{"level":"info","time":"2023-11-03T14:06:06.472Z","caller":"core/lifecycle.go:381","msg":"Stopping tunnel"}
{"level":"debug","time":"2023-11-03T14:06:06.472Z","caller":"custom/setup.go:740","msg":"Exiting the sink proxy"}
{"level":"debug","time":"2023-11-03T14:06:06.472Z","caller":"apiserver/setup.go:132","msg":"Shutting down the server"}
{"level":"debug","time":"2023-11-03T14:06:06.473Z","caller":"ws/control.go:140","msg":"Unusual close error on control channel..."}
{"level":"debug","time":"2023-11-03T14:06:06.473Z","caller":"ws/control.go:193","msg":"Write loop ended for control channel"}
{"level":"debug","time":"2023-11-03T14:07:22.728Z","caller":"ulimit/ulimit.go:35","msg":"File descriptor limit 1048576"}
{"level":"info","time":"2023-11-03T14:07:22.865Z","caller":"cmd/lt.go:183","msg":"LambdaTest Tunnel version: 3.1.31"}
{"level":"debug","time":"2023-11-03T14:07:22.865Z","caller":"core/lifecycle.go:41","msg":"Starting pipeline....."}
{"level":"debug","time":"2023-11-03T14:07:22.865Z","caller":"core/lifecycle.go:42","msg":"OS: linux, Arch: amd64"}
{"level":"debug","time":"2023-11-03T14:07:22.865Z","caller":"core/lifecycle.go:43","msg":"Fetching config"}
{"level":"debug","time":"2023-11-03T14:07:22.866Z","caller":"core/lifecycle.go:65","msg":"Starting tunnel With flags: --user abidk --key ***** --logFile tunnel.log --controller npm --infoAPIPort 43391 --tunnelName lambdatests-webdriverio-qs8sdfxe9v643391 --port 45241"}
{"level":"debug","time":"2023-11-03T14:07:23.255Z","caller":"core/lifecycle.go:83","msg":"Remote config fetched"}
{"level":"debug","time":"2023-11-03T14:07:23.300Z","caller":"apiserver/setup.go:154","msg":"Starting API server"}
{"level":"debug","time":"2023-11-03T14:07:23.300Z","caller":"networkscanner/setup.go:97","msg":"Trying on port 443"}
{"level":"debug","time":"2023-11-03T14:07:23.300Z","caller":"networkscanner/setup.go:131","msg":"Trying over ssh over ws"}
{"level":"debug","time":"2023-11-03T14:07:23.301Z","caller":"custom/setup.go:752","msg":"Starting sink proxy"}
{"level":"debug","time":"2023-11-03T14:07:23.301Z","caller":"networkscanner/setup.go:63","msg":"Trying on port 22"}
{"level":"debug","time":"2023-11-03T14:07:23.300Z","caller":"apiserver/setup.go:136","msg":"Starting API server for tunnel info on port: 43391"}
{"level":"info","time":"2023-11-03T14:07:23.301Z","caller":"custom/setup.go:699","msg":"Tunnel binary started on port :45241"}
{"level":"debug","time":"2023-11-03T14:07:23.609Z","caller":"networkscanner/setup.go:148","msg":"WSS connection was successful"}
{"level":"debug","time":"2023-11-03T14:07:24.265Z","caller":"networkscanner/setup.go:173","msg":"SSH connection over ws successful"}
{"level":"debug","time":"2023-11-03T14:07:24.438Z","caller":"networkscanner/setup.go:118","msg":"SSH connection over port 443 successful"}
{"level":"debug","time":"2023-11-03T14:07:24.449Z","caller":"networkscanner/setup.go:84","msg":"SSH connection over port 22 successful"}
{"level":"info","time":"2023-11-03T14:07:24.449Z","caller":"core/lifecycle.go:120","msg":"Using ssh(over_22) :: connection mode"}
{"level":"info","time":"2023-11-03T14:07:24.449Z","caller":"core/lifecycle.go:250","msg":"Launching tunnel"}
{"level":"debug","time":"2023-11-03T14:07:24.450Z","caller":"ws/control.go:34","msg":"Starting control ws connection at wss://ts.lambdatest.com/monitor"}
{"level":"debug","time":"2023-11-03T14:07:24.825Z","caller":"ws/control.go:72","msg":"Control ws channel opened"}
{"level":"debug","time":"2023-11-03T14:07:24.825Z","caller":"ws/control.go:131","msg":"Starting message listener on control connection"}
{"level":"debug","time":"2023-11-03T14:07:25.347Z","caller":"core/lifecycle.go:322","msg":"Sending tunnel registered message to channels"}
{"level":"debug","time":"2023-11-03T14:07:25.347Z","caller":"ssh/setup.go:71","msg":"Using 5 ssh connection"}
{"level":"debug","time":"2023-11-03T14:07:25.347Z","caller":"ws/control.go:196","msg":"Tunnel registered message received on control channel"}
{"level":"debug","time":"2023-11-03T14:07:25.347Z","caller":"ws/control.go:200","msg":"controller bus registered"}
{"level":"debug","time":"2023-11-03T14:07:26.542Z","caller":"ssh/ssh.go:216","msg":"Successfully started sshd listener on port: 3407"}
{"level":"debug","time":"2023-11-03T14:07:26.550Z","caller":"ssh/ssh.go:216","msg":"Successfully started sshd listener on port: 18443"}
{"level":"info","time":"2023-11-03T14:07:26.550Z","caller":"core/lifecycle.go:336","msg":"You can start testing now"}
{"level":"info","time":"2023-11-03T14:07:26.550Z","caller":"core/lifecycle.go:337","msg":"Tunnel ID: 5149729"}
{"level":"debug","time":"2023-11-03T14:07:26.550Z","caller":"core/lifecycle.go:338","msg":"Remote Listener Started on Port 11681"}
{"level":"debug","time":"2023-11-03T14:07:26.574Z","caller":"ssh/ssh.go:216","msg":"Successfully started sshd listener on port: 10743"}
{"level":"debug","time":"2023-11-03T14:07:26.578Z","caller":"ssh/ssh.go:216","msg":"Successfully started sshd listener on port: 12631"}
{"level":"debug","time":"2023-11-03T14:07:26.617Z","caller":"ssh/ssh.go:216","msg":"Successfully started sshd listener on port: 26749"}
{"level":"debug","time":"2023-11-03T14:07:31.026Z","caller":"custom/setup.go:511","msg":"handling connect request for URL https://accounts.google.com:443"}
{"level":"debug","time":"2023-11-03T14:07:33.775Z","caller":"custom/setup.go:511","msg":"handling connect request for URL https://www.google.co.in:443"}
{"level":"debug","time":"2023-11-03T14:07:33.780Z","caller":"custom/setup.go:511","msg":"handling connect request for URL https://www.google.co.in:443"}
{"level":"debug","time":"2023-11-03T14:07:34.203Z","caller":"custom/setup.go:511","msg":"handling connect request for URL https://www.gstatic.com:443"}
{"level":"debug","time":"2023-11-03T14:07:34.205Z","caller":"custom/setup.go:511","msg":"handling connect request for URL https://www.gstatic.com:443"}
{"level":"debug","time":"2023-11-03T14:07:34.333Z","caller":"custom/setup.go:511","msg":"handling connect request for URL https://content-autofill.googleapis.com:443"}
{"level":"debug","time":"2023-11-03T14:07:34.547Z","caller":"custom/setup.go:511","msg":"handling connect request for URL https://ogs.google.co.in:443"}
{"level":"debug","time":"2023-11-03T14:07:34.548Z","caller":"custom/setup.go:511","msg":"handling connect request for URL https://apis.google.com:443"}
{"level":"debug","time":"2023-11-03T14:07:34.814Z","caller":"custom/setup.go:511","msg":"handling connect request for URL https://ssl.gstatic.com:443"}
{"level":"debug","time":"2023-11-03T14:07:34.840Z","caller":"custom/setup.go:511","msg":"handling connect request for URL https://fonts.gstatic.com:443"}
{"level":"debug","time":"2023-11-03T14:07:34.840Z","caller":"custom/setup.go:511","msg":"handling connect request for URL https://fonts.gstatic.com:443"}
{"level":"debug","time":"2023-11-03T14:07:34.867Z","caller":"custom/setup.go:511","msg":"handling connect request for URL https://www.google.com:443"}
{"level":"debug","time":"2023-11-03T14:07:35.095Z","caller":"custom/setup.go:511","msg":"handling connect request for URL https://www.google.co.in:443"}
{"level":"debug","time":"2023-11-03T14:07:35.133Z","caller":"custom/setup.go:511","msg":"handling connect request for URL https://adservice.google.co.in:443"}
{"level":"debug","time":"2023-11-03T14:07:35.513Z","caller":"custom/setup.go:511","msg":"handling connect request for URL https://play.google.com:443"}
{"level":"debug","time":"2023-11-03T14:07:48.875Z","caller":"custom/setup.go:511","msg":"handling connect request for URL https://optimizationguide-pa.googleapis.com:443"}
{"level":"debug","time":"2023-11-03T14:07:49.123Z","caller":"custom/setup.go:511","msg":"handling connect request for URL https://optimizationguide-pa.googleapis.com:443"}
{"level":"debug","time":"2023-11-03T14:07:51.669Z","caller":"core/lifecycle.go:379","msg":"Context cancelled"}
{"level":"debug","time":"2023-11-03T14:07:51.669Z","caller":"custom/setup.go:740","msg":"Exiting the sink proxy"}
{"level":"info","time":"2023-11-03T14:07:51.669Z","caller":"core/lifecycle.go:381","msg":"Stopping tunnel"}
{"level":"debug","time":"2023-11-03T14:07:51.669Z","caller":"apiserver/setup.go:132","msg":"Shutting down the server"}
{"level":"debug","time":"2023-11-03T14:07:51.671Z","caller":"ws/control.go:140","msg":"Unusual close error on control channel..."}
{"level":"debug","time":"2023-11-03T14:07:51.671Z","caller":"ws/control.go:193","msg":"Write loop ended for control channel"}
{"level":"debug","time":"2023-11-03T14:10:32.105Z","caller":"ulimit/ulimit.go:35","msg":"File descriptor limit 1048576"}
{"level":"info","time":"2023-11-03T14:10:32.223Z","caller":"cmd/lt.go:183","msg":"LambdaTest Tunnel version: 3.1.31"}
{"level":"debug","time":"2023-11-03T14:10:32.224Z","caller":"core/lifecycle.go:41","msg":"Starting pipeline....."}
{"level":"debug","time":"2023-11-03T14:10:32.224Z","caller":"core/lifecycle.go:42","msg":"OS: linux, Arch: amd64"}
{"level":"debug","time":"2023-11-03T14:10:32.224Z","caller":"core/lifecycle.go:43","msg":"Fetching config"}
{"level":"debug","time":"2023-11-03T14:10:32.224Z","caller":"core/lifecycle.go:65","msg":"Starting tunnel With flags: --user abidk --key ***** --logFile tunnel.log --controller npm --infoAPIPort 37993 --tunnelName lambdatests-webdriverio-qs8sdfxe9v637993 --port 45231"}
{"level":"debug","time":"2023-11-03T14:10:32.617Z","caller":"core/lifecycle.go:83","msg":"Remote config fetched"}
{"level":"debug","time":"2023-11-03T14:10:32.740Z","caller":"apiserver/setup.go:154","msg":"Starting API server"}
{"level":"debug","time":"2023-11-03T14:10:32.740Z","caller":"custom/setup.go:752","msg":"Starting sink proxy"}
{"level":"debug","time":"2023-11-03T14:10:32.740Z","caller":"networkscanner/setup.go:63","msg":"Trying on port 22"}
{"level":"debug","time":"2023-11-03T14:10:32.740Z","caller":"networkscanner/setup.go:97","msg":"Trying on port 443"}
{"level":"debug","time":"2023-11-03T14:10:32.741Z","caller":"apiserver/setup.go:136","msg":"Starting API server for tunnel info on port: 37993"}
{"level":"debug","time":"2023-11-03T14:10:32.740Z","caller":"networkscanner/setup.go:131","msg":"Trying over ssh over ws"}
{"level":"info","time":"2023-11-03T14:10:32.741Z","caller":"custom/setup.go:699","msg":"Tunnel binary started on port :45231"}
{"level":"debug","time":"2023-11-03T14:10:33.017Z","caller":"networkscanner/setup.go:148","msg":"WSS connection was successful"}
{"level":"debug","time":"2023-11-03T14:10:33.686Z","caller":"networkscanner/setup.go:84","msg":"SSH connection over port 22 successful"}
{"level":"debug","time":"2023-11-03T14:10:33.810Z","caller":"networkscanner/setup.go:118","msg":"SSH connection over port 443 successful"}
{"level":"debug","time":"2023-11-03T14:10:33.830Z","caller":"networkscanner/setup.go:173","msg":"SSH connection over ws successful"}
{"level":"info","time":"2023-11-03T14:10:33.830Z","caller":"core/lifecycle.go:120","msg":"Using ssh(over_22) :: connection mode"}
{"level":"info","time":"2023-11-03T14:10:33.830Z","caller":"core/lifecycle.go:250","msg":"Launching tunnel"}
{"level":"debug","time":"2023-11-03T14:10:33.830Z","caller":"ws/control.go:34","msg":"Starting control ws connection at wss://ts.lambdatest.com/monitor"}
{"level":"debug","time":"2023-11-03T14:10:34.304Z","caller":"ws/control.go:72","msg":"Control ws channel opened"}
{"level":"debug","time":"2023-11-03T14:10:34.304Z","caller":"ws/control.go:131","msg":"Starting message listener on control connection"}
{"level":"debug","time":"2023-11-03T14:10:34.696Z","caller":"core/lifecycle.go:322","msg":"Sending tunnel registered message to channels"}
{"level":"debug","time":"2023-11-03T14:10:34.696Z","caller":"ssh/setup.go:71","msg":"Using 5 ssh connection"}
{"level":"debug","time":"2023-11-03T14:10:34.696Z","caller":"ws/control.go:196","msg":"Tunnel registered message received on control channel"}
{"level":"debug","time":"2023-11-03T14:10:34.696Z","caller":"ws/control.go:200","msg":"controller bus registered"}
{"level":"debug","time":"2023-11-03T14:10:36.114Z","caller":"ssh/ssh.go:216","msg":"Successfully started sshd listener on port: 14883"}
{"level":"debug","time":"2023-11-03T14:10:36.167Z","caller":"ssh/ssh.go:216","msg":"Successfully started sshd listener on port: 22146"}
{"level":"info","time":"2023-11-03T14:10:36.167Z","caller":"core/lifecycle.go:336","msg":"You can start testing now"}
{"level":"info","time":"2023-11-03T14:10:36.167Z","caller":"core/lifecycle.go:337","msg":"Tunnel ID: 5149753"}
{"level":"debug","time":"2023-11-03T14:10:36.167Z","caller":"core/lifecycle.go:338","msg":"Remote Listener Started on Port 30750"}
{"level":"debug","time":"2023-11-03T14:10:36.208Z","caller":"ssh/ssh.go:216","msg":"Successfully started sshd listener on port: 20562"}
{"level":"debug","time":"2023-11-03T14:10:36.223Z","caller":"ssh/ssh.go:216","msg":"Successfully started sshd listener on port: 21578"}
{"level":"debug","time":"2023-11-03T14:10:36.235Z","caller":"ssh/ssh.go:216","msg":"Successfully started sshd listener on port: 9503"}
{"level":"debug","time":"2023-11-03T14:10:40.284Z","caller":"custom/setup.go:511","msg":"handling connect request for URL https://accounts.google.com:443"}
{"level":"debug","time":"2023-11-03T14:10:43.031Z","caller":"custom/setup.go:511","msg":"handling connect request for URL https://www.google.co.in:443"}
{"level":"debug","time":"2023-11-03T14:10:43.037Z","caller":"custom/setup.go:511","msg":"handling connect request for URL https://www.google.co.in:443"}
{"level":"debug","time":"2023-11-03T14:10:43.399Z","caller":"custom/setup.go:511","msg":"handling connect request for URL https://www.gstatic.com:443"}
{"level":"debug","time":"2023-11-03T14:10:43.399Z","caller":"custom/setup.go:511","msg":"handling connect request for URL https://www.gstatic.com:443"}
{"level":"debug","time":"2023-11-03T14:10:43.578Z","caller":"custom/setup.go:511","msg":"handling connect request for URL https://content-autofill.googleapis.com:443"}
{"level":"debug","time":"2023-11-03T14:10:43.707Z","caller":"custom/setup.go:511","msg":"handling connect request for URL https://ogs.google.co.in:443"}
{"level":"debug","time":"2023-11-03T14:10:43.720Z","caller":"custom/setup.go:511","msg":"handling connect request for URL https://apis.google.com:443"}
{"level":"debug","time":"2023-11-03T14:10:44.008Z","caller":"custom/setup.go:511","msg":"handling connect request for URL https://www.google.com:443"}
{"level":"debug","time":"2023-11-03T14:10:44.028Z","caller":"custom/setup.go:511","msg":"handling connect request for URL https://fonts.gstatic.com:443"}
{"level":"debug","time":"2023-11-03T14:10:44.029Z","caller":"custom/setup.go:511","msg":"handling connect request for URL https://fonts.gstatic.com:443"}
{"level":"debug","time":"2023-11-03T14:10:44.059Z","caller":"custom/setup.go:511","msg":"handling connect request for URL https://ssl.gstatic.com:443"}
{"level":"debug","time":"2023-11-03T14:10:44.297Z","caller":"custom/setup.go:511","msg":"handling connect request for URL https://www.google.co.in:443"}
{"level":"debug","time":"2023-11-03T14:10:44.325Z","caller":"custom/setup.go:511","msg":"handling connect request for URL https://adservice.google.co.in:443"}
{"level":"debug","time":"2023-11-03T14:10:44.685Z","caller":"custom/setup.go:511","msg":"handling connect request for URL https://play.google.com:443"}
{"level":"debug","time":"2023-11-03T14:10:50.502Z","caller":"core/lifecycle.go:379","msg":"Context cancelled"}
{"level":"info","time":"2023-11-03T14:10:50.502Z","caller":"core/lifecycle.go:381","msg":"Stopping tunnel"}
{"level":"debug","time":"2023-11-03T14:10:50.502Z","caller":"apiserver/setup.go:132","msg":"Shutting down the server"}
{"level":"debug","time":"2023-11-03T14:10:50.502Z","caller":"custom/setup.go:740","msg":"Exiting the sink proxy"}
{"level":"debug","time":"2023-11-03T14:10:50.504Z","caller":"ws/control.go:140","msg":"Unusual close error on control channel..."}
{"level":"debug","time":"2023-11-03T14:10:50.504Z","caller":"ws/control.go:193","msg":"Write loop ended for control channel"}
